A51 MACRO ASSEMBLER  SAMPLE                                                               08/08/2022 15:23:00 PAGE     1


MACRO ASSEMBLER A51 V8.02b
OBJECT MODULE PLACED IN sample.OBJ
ASSEMBLER INVOKED BY: C:\Keil\C51\BIN\A51.EXE sample.A51 SET(SMALL) DEBUG EP

LOC  OBJ            LINE     SOURCE

                       1     
                       2     
                       3     
                       4                     
                       5                     
                       6                     
                       7                     
8100                   8                     ORG 8100H                  
                       9     
8100 9081FF           10                     MOV DPTR,#81FFH    
8103 7433             11                     MOV A,#33H                 
8105 7822             12                     MOV R0,#22H                
8107 28               13                     ADD A,R0                   
8108 F0               14                     MOVX @DPTR,A       
                      15                     END
                                             
A51 MACRO ASSEMBLER  SAMPLE                                                               08/08/2022 15:23:00 PAGE     2

SYMBOL TABLE LISTING
------ ----- -------


N A M E             T Y P E  V A L U E   ATTRIBUTES



REGISTER BANK(S) USED: 0 


ASSEMBLY COMPLETE.  0 WARNING(S), 0 ERROR(S)
